epoch,loss,mae,mape,mse
0,0.046208858489990234,0.1461673378944397,2411369.5,0.046208858489990234
1,0.017032021656632423,0.10736238211393356,5386689.5,0.017032021656632423
2,0.005749202333390713,0.052337292581796646,817361.9375,0.005749202333390713
3,0.005997319705784321,0.05467544123530388,602357.25,0.005997319705784321
4,0.0049516730941832066,0.04927965998649597,1505844.625,0.0049516730941832066
5,0.004664593376219273,0.04598081856966019,739686.4375,0.004664593376219273
6,0.003939834889024496,0.03942335769534111,128827.6328125,0.003939834889024496
7,0.0043343608267605305,0.04261061176657677,598591.4375,0.0043343608267605305
8,0.004245575517416,0.04233970865607262,378814.59375,0.004245575517416
9,0.0035886652767658234,0.03948546200990677,545890.875,0.0035886652767658234
10,0.0030642084311693907,0.03569884970784187,230996.59375,0.0030642084311693907
11,0.0035387123934924603,0.03718862310051918,413369.5,0.0035387123934924603
12,0.003731852862983942,0.03902538865804672,559020.5625,0.003731852862983942
13,0.0036513854283839464,0.036200981587171555,230504.828125,0.0036513854283839464
14,0.003434051526710391,0.03671456128358841,374256.5,0.003434051526710391
15,0.0037034626584500074,0.038068439811468124,596965.6875,0.0037034626584500074
16,0.003828884568065405,0.0404026135802269,478000.40625,0.003828884568065405
17,0.004028282593935728,0.03958994522690773,394745.25,0.004028282593935728
18,0.003399986308068037,0.03848893195390701,464156.78125,0.003399986308068037
19,0.003613142529502511,0.03926320746541023,361712.875,0.003613142529502511
20,0.0034609949216246605,0.035830967128276825,292778.84375,0.0034609949216246605
21,0.005365953780710697,0.04611373320221901,271602.34375,0.005365953780710697
22,0.0037713092751801014,0.03743627294898033,495738.59375,0.0037713092751801014
23,0.0037968929391354322,0.03978858143091202,307017.28125,0.0037968929391354322
24,0.00341057893820107,0.03693029657006264,362999.53125,0.00341057893820107
25,0.004060313571244478,0.03989945352077484,498721.3125,0.004060313571244478
26,0.0033890276681631804,0.03658631071448326,389302.375,0.0033890276681631804
27,0.0031107596587389708,0.03707033768296242,412005.5,0.0031107596587389708
28,0.003821292193606496,0.0393117293715477,270061.28125,0.003821292193606496
29,0.003441024338826537,0.03668324276804924,698785.75,0.003441024338826537
30,0.0031009612139314413,0.0357208326458931,326591.71875,0.0031009612139314413
31,0.0034356703981757164,0.03771132975816727,282196.40625,0.0034356703981757164
32,0.0035650888457894325,0.03783566132187843,352821.625,0.0035650888457894325
33,0.0038986210711300373,0.03993429243564606,586826.8125,0.0038986210711300373
34,0.0041262442246079445,0.04121862351894379,334344.5625,0.0041262442246079445
35,0.003270997665822506,0.03926685452461243,486517.40625,0.003270997665822506
36,0.0030752287711948156,0.03688359260559082,207704.03125,0.0030752287711948156
37,0.002517032902687788,0.033555809408426285,402370.6875,0.002517032902687788
38,0.003070930717512965,0.03530937433242798,372461.75,0.003070930717512965
39,0.004283003509044647,0.046637121587991714,703559.4375,0.004283003509044647
40,0.003607395337894559,0.03796852380037308,226126.84375,0.003607395337894559
41,0.0035404835361987352,0.03746054321527481,469257.75,0.0035404835361987352
42,0.004297143779695034,0.03877341374754906,560302.625,0.004297143779695034
43,0.0029764031060039997,0.03574170544743538,415388.1875,0.0029764031060039997
44,0.0033843659330159426,0.038095325231552124,399872.71875,0.0033843659330159426
45,0.003724501235410571,0.038443103432655334,452318.875,0.003724501235410571
46,0.0032527947332710028,0.036193132400512695,389914.6875,0.0032527947332710028
47,0.0033078354317694902,0.03490905463695526,257850.5,0.0033078354317694902
48,0.003757904749363661,0.03587476536631584,319174.21875,0.003757904749363661
49,0.003888926934450865,0.038161005824804306,572842.375,0.003888926934450865
50,0.0027579220477491617,0.035931672900915146,290198.59375,0.0027579220477491617
51,0.003254869021475315,0.0369984433054924,718748.875,0.003254869021475315
52,0.0037529512774199247,0.03839375078678131,161392.5625,0.0037529512774199247
53,0.0029136063531041145,0.03793519362807274,746649.5625,0.0029136063531041145
54,0.0033273836597800255,0.03636457026004791,383192.46875,0.0033273836597800255
55,0.003429789561778307,0.036185961216688156,454532.09375,0.003429789561778307
56,0.0033731809817254543,0.03813011199235916,690604.75,0.0033731809817254543
57,0.0032952786423265934,0.03598826751112938,162414.90625,0.0032952786423265934
58,0.004273253493010998,0.041267044842243195,316905.8125,0.004273253493010998
59,0.003771443385630846,0.04142361879348755,787972.0625,0.003771443385630846
60,0.0041298214346170425,0.04074646532535553,336001.25,0.0041298214346170425
61,0.0030489470809698105,0.03512090817093849,398873.6875,0.0030489470809698105
62,0.00344146229326725,0.038922738283872604,570460.4375,0.00344146229326725
63,0.0031580105423927307,0.03515266627073288,259826.578125,0.0031580105423927307
64,0.003193216398358345,0.034588515758514404,333269.5625,0.003193216398358345
65,0.003320074640214443,0.03590511530637741,417334.0625,0.003320074640214443
66,0.00304472167044878,0.03586918115615845,417658.28125,0.00304472167044878
67,0.0030312822200357914,0.035584382712841034,343782.46875,0.0030312822200357914
68,0.004226916003972292,0.0393887422978878,499042.71875,0.004226916003972292
69,0.003152801189571619,0.03614969179034233,284606.84375,0.003152801189571619
70,0.0035893612075597048,0.03846639394760132,617489.6875,0.0035893612075597048
71,0.0030455528758466244,0.03666910156607628,355948.90625,0.0030455528758466244
72,0.0030904298182576895,0.03539883717894554,444281.9375,0.0030904298182576895
73,0.003465167246758938,0.03626932203769684,246647.265625,0.003465167246758938
74,0.00357291498221457,0.03738285228610039,386448.28125,0.00357291498221457
75,0.0030972016975283623,0.03450758755207062,401411.03125,0.0030972016975283623
76,0.003755505196750164,0.03763740509748459,548649.3125,0.003755505196750164
77,0.0030401882249861956,0.03643205389380455,267589.3125,0.0030401882249861956
78,0.002864781068637967,0.03455106168985367,306011.84375,0.002864781068637967
79,0.0034573273733258247,0.037880729883909225,368375.15625,0.0034573273733258247
80,0.002857401268556714,0.03557984530925751,623272.125,0.002857401268556714
81,0.002705103252083063,0.03346038982272148,355613.96875,0.002705103252083063
82,0.003442873014137149,0.03621942922472954,464979.09375,0.003442873014137149
83,0.0033405586145818233,0.03841690346598625,369719.75,0.0033405586145818233
84,0.003199177561327815,0.03761283680796623,546452.3125,0.003199177561327815
85,0.002777369227260351,0.03404197469353676,452663.125,0.002777369227260351
86,0.003430842189118266,0.0378597229719162,502145.5,0.003430842189118266
87,0.0028525106608867645,0.03440772369503975,478431.65625,0.0028525106608867645
88,0.003174672368913889,0.036038972437381744,598470.9375,0.003174672368913889
89,0.002927349880337715,0.0344868078827858,373853.53125,0.002927349880337715
90,0.002803520765155554,0.0355231910943985,614089.9375,0.002803520765155554
91,0.003403071314096451,0.03773109242320061,397416.5625,0.003403071314096451
92,0.004072417039424181,0.03950590640306473,625383.8125,0.004072417039424181
93,0.003421892412006855,0.036907345056533813,332615.8125,0.003421892412006855
94,0.0028109997510910034,0.0346723236143589,602203.5625,0.0028109997510910034
95,0.0033977171406149864,0.03557012230157852,460288.65625,0.0033977171406149864
96,0.003396883374080062,0.034950140863657,311352.21875,0.003396883374080062
97,0.0030512174125760794,0.03482858091592789,297732.90625,0.0030512174125760794
98,0.0029403644148260355,0.03437839820981026,338474.75,0.0029403644148260355
99,0.0032523111440241337,0.03577875718474388,461738.34375,0.0032523111440241337
